<?xml version="1.0" encoding="UTF-8"?>
<testsuite xmlns:xsi="http://www.w3.org/2001/XMLSchema-instance" xsi:noNamespaceSchemaLocation="https://maven.apache.org/surefire/maven-surefire-plugin/xsd/surefire-test-report-3.0.xsd" version="3.0" name="calculator.CalculatorTest" time="0.181" tests="22" errors="0" skipped="0" failures="0">
  <properties>
[...]
</properties>
  <testcase name="GCDCounting" classname="calculator.CalculatorTest" time="0.006"/>
  <testcase name="FibonacciCount" classname="calculator.CalculatorTest" time="0"/>
  <testcase name="LCMCounting" classname="calculator.CalculatorTest" time="0"/>
  <testcase name="RectArea" classname="calculator.CalculatorTest" time="0"/>
  <testcase name="TriangleArea" classname="calculator.CalculatorTest" time="0"/>
  <testcase name="TriangleCirc" classname="calculator.CalculatorTest" time="0"/>
  <testcase name="FelsiusToFahrenheit" classname="calculator.CalculatorTest" time="0"/>
  <testcase name="CalculateRectCircTest" classname="calculator.CalculatorTest" time="0"/>
  <testcase name="FactorialCount" classname="calculator.CalculatorTest" time="0"/>
  <testcase name="ShouldReturnFalseIfNumberIs0" classname="calculator.CalculatorTest" time="0"/>
  <testcase name="ShouldReturnFalseIfNumberIs1" classname="calculator.CalculatorTest" time="0"/>
  <testcase name="SquareArea" classname="calculator.CalculatorTest" time="0.001"/>
  <testcase name="SquareCirc" classname="calculator.CalculatorTest" time="0"/>
  <testcase name="SquareRoot" classname="calculator.CalculatorTest" time="0.001"/>
  <testcase name="MphToKph" classname="calculator.CalculatorTest" time="0"/>
  <testcase name="FactorialCount0" classname="calculator.CalculatorTest" time="0"/>
  <testcase name="FactorialCount1" classname="calculator.CalculatorTest" time="0.001"/>
  <testcase name="PowerNumbers" classname="calculator.CalculatorTest" time="0"/>
  <testcase name="ShouldReturnTrueIfNumberIs11" classname="calculator.CalculatorTest" time="0.001"/>
  <testcase name="FahrenheitToCelsius" classname="calculator.CalculatorTest" time="0"/>
  <testcase name="ShouldReturnFalseIfNumberIs12" classname="calculator.CalculatorTest" time="0"/>
  <testcase name="ShouldReturnFalseIfNumberIs25" classname="calculator.CalculatorTest" time="0"/>
</testsuite>